<?xml version="1.0" encoding="UTF-8"?>
<!-- Generated by org.testng.reporters.JUnitXMLReporter -->
<testsuite hostname="SYSVINEL007" ignored="0" name="runSalesOrderTemplate" tests="7" failures="0" timestamp="18 Dec 2018 06:58:45 GMT" time="185.933" errors="0">
  <testcase name="SOTemplate" time="40.964" classname="com.turbopro.customermenu.SalesOrderTemplate"/>
  <testcase name="addSalesOrderTemplate" time="0.459" classname="com.turbopro.customermenu.SalesOrderTemplate"/>
  <testcase name="addLineItems" time="126.735" classname="com.turbopro.customermenu.SalesOrderTemplate"/>
  <testcase name="editTemplate" time="1.142" classname="com.turbopro.customermenu.SalesOrderTemplate"/>
  <testcase name="deleteTemplate" time="2.807" classname="com.turbopro.customermenu.SalesOrderTemplate"/>
  <testcase name="editNote" time="0.997" classname="com.turbopro.customermenu.SalesOrderTemplate"/>
  <testcase name="viewHidePrice" time="0.915" classname="com.turbopro.customermenu.SalesOrderTemplate"/>
</testsuite> <!-- runSalesOrderTemplate -->
