<?xml version="1.0" encoding="UTF-8"?>
<!-- Generated by org.testng.reporters.JUnitXMLReporter -->
<testsuite hostname="SYSVINEL007" ignored="0" name="ReceiveInventory" tests="7" failures="0" timestamp="03 May 2019 06:59:05 GMT" time="97.38" errors="0">
  <testcase name="inventoryReceive" time="13.525" classname="com.turbopro.inventory.ReceiveInventory"/>
  <testcase name="searchPO" time="2.903" classname="com.turbopro.inventory.ReceiveInventory"/>
  <testcase name="resetSearch" time="2.665" classname="com.turbopro.inventory.ReceiveInventory"/>
  <testcase name="selectDateRange" time="13.769" classname="com.turbopro.inventory.ReceiveInventory"/>
  <testcase name="receiveLineItems" time="22.26" classname="com.turbopro.inventory.ReceiveInventory"/>
  <testcase name="ViewReceivedPO" time="5.168" classname="com.turbopro.inventory.ReceiveInventory"/>
  <testcase name="receivePartialPOItems" time="30.346" classname="com.turbopro.inventory.ReceiveInventory"/>
</testsuite> <!-- ReceiveInventory -->
