<?xml version="1.0" encoding="UTF-8"?>
<!-- Generated by org.testng.reporters.JUnitXMLReporter -->
<testsuite hostname="SYSVINEL007" ignored="1" name="runAccountingCycles" tests="4" failures="0" timestamp="02 May 2019 05:55:13 GMT" time="72.03" errors="0">
  <testcase name="accountingCycles" time="21.535" classname="com.turbopro.company.AccountingCycles"/>
  <testcase name="fiscalYearCreateAndRespondPopup" time="1.093" classname="com.turbopro.company.AccountingCycles"/>
  <testcase name="closeFiscalYearAndRespondPopup" time="0.593" classname="com.turbopro.company.AccountingCycles"/>
  <testcase name="closeCurrentPeriod" time="33.542" classname="com.turbopro.company.AccountingCycles"/>
  <testcase name="updateDescInAccountCycles" time="0.0" classname="com.turbopro.company.AccountingCycles">
    <ignored/>
  </testcase> <!-- updateDescInAccountCycles -->
</testsuite> <!-- runAccountingCycles -->
