<?xml version="1.0" encoding="UTF-8"?>
<!-- Generated by org.testng.reporters.JUnitXMLReporter -->
<testsuite hostname="SYSVINEL007" ignored="0" name="runBookingProfit" tests="6" failures="0" timestamp="09 May 2019 14:21:20 GMT" time="261.089" errors="0">
  <testcase name="login" time="17.389" classname="com.turbopro.reports.BookingProfit"/>
  <testcase name="singleDate" time="14.257" classname="com.turbopro.reports.BookingProfit"/>
  <testcase name="dateRange" time="47.634" classname="com.turbopro.reports.BookingProfit"/>
  <testcase name="monthToDate" time="44.02" classname="com.turbopro.reports.BookingProfit"/>
  <testcase name="monthToDateWithSalesrep" time="61.968" classname="com.turbopro.reports.BookingProfit"/>
  <testcase name="yearToDate" time="39.867" classname="com.turbopro.reports.BookingProfit"/>
</testsuite> <!-- runBookingProfit -->
