<?xml version="1.0" encoding="UTF-8"?>
<!-- Generated by org.testng.reporters.JUnitXMLReporter -->
<testsuite hostname="SYSVINEL007" ignored="0" name="runChartOfAccounts" tests="6" failures="0" timestamp="02 May 2019 05:57:36 GMT" time="143.004" errors="0">
  <testcase name="chartOfAccounts" time="10.103" classname="com.turbopro.company.ChartOfAccounts"/>
  <testcase name="viewChartOfAccounts" time="1.89" classname="com.turbopro.company.ChartOfAccounts"/>
  <testcase name="viewAdditionalAccounts" time="1.585" classname="com.turbopro.company.ChartOfAccounts"/>
  <testcase name="addAccount" time="1.379" classname="com.turbopro.company.ChartOfAccounts"/>
  <testcase name="deleteAccount" time="121.717" classname="com.turbopro.company.ChartOfAccounts"/>
  <testcase name="searchSpecificAccount" time="1.138" classname="com.turbopro.company.ChartOfAccounts"/>
</testsuite> <!-- runChartOfAccounts -->
