<?xml version="1.0" encoding="UTF-8"?>
<!-- Generated by org.testng.reporters.JUnitXMLReporter -->
<testsuite hostname="Sysvinel007" name="runCustomerUnappliedPayments" tests="6" failures="0" timestamp="7 Feb 2018 11:56:07 GMT" time="72.318" errors="0">
  <testcase name="customerUnappliedPayments" time="27.111" classname="com.turbopro.customermenu.CustomerUnappliedPayments"/>
  <testcase name="searchCusBasedUnappliedPayments" time="7.829" classname="com.turbopro.customermenu.CustomerUnappliedPayments"/>
  <testcase name="searchUnappliedPaymentByDate" time="1.346" classname="com.turbopro.customermenu.CustomerUnappliedPayments"/>
  <testcase name="sortUnappliedPayments" time="12.738" classname="com.turbopro.customermenu.CustomerUnappliedPayments"/>
  <testcase name="paySingleInvoice" time="13.902" classname="com.turbopro.customermenu.CustomerUnappliedPayments"/>
  <testcase name="sortUnappliedPaymentInvoices" time="2.17" classname="com.turbopro.customermenu.CustomerUnappliedPayments"/>
</testsuite> <!-- runCustomerUnappliedPayments -->
