<?xml version="1.0" encoding="UTF-8"?>
<!-- Generated by org.testng.reporters.JUnitXMLReporter -->
<testsuite hostname="SYSVINEL007" ignored="1" name="runEmployeeCommission" tests="6" failures="0" timestamp="02 May 2019 06:00:15 GMT" time="48.979" errors="0">
  <testcase name="employeeCommission" time="14.398" classname="com.turbopro.company.EmployeeCommission"/>
  <testcase name="viewCommissionForDiffPeriod" time="2.342" classname="com.turbopro.company.EmployeeCommission"/>
  <testcase name="printCommissionList" time="23.734" classname="com.turbopro.company.EmployeeCommission"/>
  <testcase name="openAndCloseNewPeriod" time="0.676" classname="com.turbopro.company.EmployeeCommission"/>
  <testcase name="cancelRecalculate" time="0.255" classname="com.turbopro.company.EmployeeCommission"/>
  <testcase name="cancelReversePeriod" time="0.423" classname="com.turbopro.company.EmployeeCommission"/>
  <testcase name="printAllEmployeeCommission" time="0.0" classname="com.turbopro.company.EmployeeCommission">
    <ignored/>
  </testcase> <!-- printAllEmployeeCommission -->
</testsuite> <!-- runEmployeeCommission -->
