<?xml version="1.0" encoding="UTF-8"?>
<!-- Generated by org.testng.reporters.JUnitXMLReporter -->
<testsuite hostname="SYSVINEL007" ignored="1" name="runProjectsOpenPOandSO" tests="5" failures="0" timestamp="06 May 2019 11:21:37 GMT" time="51.831" errors="0">
  <testcase name="projects" time="13.834" classname="com.turbopro.projectsmenu.ProjectsOpenPOandSO"/>
  <testcase name="openPoSoInProjects" time="0.563" classname="com.turbopro.projectsmenu.ProjectsOpenPOandSO"/>
  <testcase name="sortingInOpenPoSo" time="21.718" classname="com.turbopro.projectsmenu.ProjectsOpenPOandSO"/>
  <testcase name="viewOpenPoSoByDateRange" time="5.825" classname="com.turbopro.projectsmenu.ProjectsOpenPOandSO"/>
  <testcase name="navigatePagesInOpenPoSo" time="4.667" classname="com.turbopro.projectsmenu.ProjectsOpenPOandSO"/>
  <testcase name="viewOpenPoSoForSpecCustomer" time="0.0" classname="com.turbopro.projectsmenu.ProjectsOpenPOandSO">
    <ignored/>
  </testcase> <!-- viewOpenPoSoForSpecCustomer -->
</testsuite> <!-- runProjectsOpenPOandSO -->
