<?xml version="1.0" encoding="UTF-8"?>
<!-- Generated by org.testng.reporters.JUnitXMLReporter -->
<testsuite ignored="0" hostname="sysvinemp029.local" failures="0" tests="6" name="runProjectsCustomerProfitMargin" time="54.795" errors="0" timestamp="2019-12-19T16:12:10 IST">
  <testcase classname="com.turbopro.projectsmenu.ProjectsCustomerProfitMargin" name="login" time="16.244"/>
  <testcase classname="com.turbopro.projectsmenu.ProjectsCustomerProfitMargin" name="navigateProjects" time="6.136"/>
  <testcase classname="com.turbopro.projectsmenu.ProjectsCustomerProfitMargin" name="cusProfitMargInProjects" time="0.478"/>
  <testcase classname="com.turbopro.projectsmenu.ProjectsCustomerProfitMargin" name="sortingInCusProfMargin" time="20.761"/>
  <testcase classname="com.turbopro.projectsmenu.ProjectsCustomerProfitMargin" name="viewCusProfMargByDateRange" time="4.895"/>
  <testcase classname="com.turbopro.projectsmenu.ProjectsCustomerProfitMargin" name="navigatePagesCusProfMarg" time="4.342"/>
</testsuite> <!-- runProjectsCustomerProfitMargin -->
