<?xml version="1.0" encoding="UTF-8"?>
<!-- Generated by org.testng.reporters.JUnitXMLReporter -->
<testsuite hostname="SYSVINEL007" ignored="0" name="runQuotedJobs" tests="9" failures="0" timestamp="07 May 2019 07:25:30 GMT" time="84.168" errors="0">
  <testcase name="viewQuotedJobs" time="13.156" classname="com.turbopro.salesmenu.SalesQuotedJobs"/>
  <testcase name="accessJobsFromQuotedJobs" time="5.748" classname="com.turbopro.salesmenu.SalesQuotedJobs"/>
  <testcase name="sortQuotedJobs" time="5.176" classname="com.turbopro.salesmenu.SalesQuotedJobs"/>
  <testcase name="viewColumnsInQuoteJobs" time="3.156" classname="com.turbopro.salesmenu.SalesQuotedJobs"/>
  <testcase name="quotedJobsPrint" time="28.296" classname="com.turbopro.salesmenu.SalesQuotedJobs"/>
  <testcase name="quotedJobsExport" time="10.83" classname="com.turbopro.salesmenu.SalesQuotedJobs"/>
  <testcase name="quotedJobsDateRangeFilter" time="7.176" classname="com.turbopro.salesmenu.SalesQuotedJobs"/>
  <testcase name="quotedJobsMonthToDateFilter" time="2.675" classname="com.turbopro.salesmenu.SalesQuotedJobs"/>
  <testcase name="quotedJobsYearToDateFilter" time="1.808" classname="com.turbopro.salesmenu.SalesQuotedJobs"/>
</testsuite> <!-- runQuotedJobs -->
