<?xml version="1.0" encoding="UTF-8"?>
<!-- Generated by org.testng.reporters.JUnitXMLReporter -->
<testsuite hostname="SYSVINEL007" ignored="0" name="runSalesOrderTemplate" tests="7" failures="0" timestamp="25 Feb 2019 13:42:31 GMT" time="152.722" errors="0">
  <testcase name="SOTemplate" time="16.641" classname="com.turbopro.customermenu.SalesOrderTemplate"/>
  <testcase name="addSalesOrderTemplate" time="1.165" classname="com.turbopro.customermenu.SalesOrderTemplate"/>
  <testcase name="addLineItems" time="126.606" classname="com.turbopro.customermenu.SalesOrderTemplate"/>
  <testcase name="editTemplate" time="1.149" classname="com.turbopro.customermenu.SalesOrderTemplate"/>
  <testcase name="deleteTemplate" time="0.241" classname="com.turbopro.customermenu.SalesOrderTemplate"/>
  <testcase name="editNote" time="0.977" classname="com.turbopro.customermenu.SalesOrderTemplate"/>
  <testcase name="viewHidePrice" time="0.296" classname="com.turbopro.customermenu.SalesOrderTemplate"/>
</testsuite> <!-- runSalesOrderTemplate -->
