<?xml version="1.0" encoding="UTF-8"?>
<!-- Generated by org.testng.reporters.JUnitXMLReporter -->
<testsuite hostname="SYSVINEL007" ignored="2" name="runVendors" tests="8" failures="0" timestamp="02 May 2019 06:30:29 GMT" time="43.994" errors="0">
  <testcase name="vendors" time="10.97" classname="com.turbopro.company.Vendors"/>
  <testcase name="searchVendor" time="5.956" classname="com.turbopro.company.Vendors"/>
  <testcase name="openExistingVendor" time="5.499" classname="com.turbopro.company.Vendors"/>
  <testcase name="createVendor" time="3.566" classname="com.turbopro.company.Vendors"/>
  <testcase name="addContactsToVendor" time="1.363" classname="com.turbopro.company.Vendors"/>
  <testcase name="addJournalToVendor" time="3.86" classname="com.turbopro.company.Vendors"/>
  <testcase name="addFinancialsToVendor" time="3.023" classname="com.turbopro.company.Vendors"/>
  <testcase name="deleteVendor" time="3.853" classname="com.turbopro.company.Vendors"/>
  <testcase name="updateExpirationDates" time="0.0" classname="com.turbopro.company.Vendors">
    <ignored/>
  </testcase> <!-- updateExpirationDates -->
  <testcase name="removeExpirationDates" time="0.0" classname="com.turbopro.company.Vendors">
    <ignored/>
  </testcase> <!-- removeExpirationDates -->
</testsuite> <!-- runVendors -->
