<?xml version="1.0" encoding="UTF-8"?>
<!-- Generated by org.testng.reporters.JUnitXMLReporter -->
<testsuite ignored="2" hostname="sysvinemp029.local" failures="0" tests="8" name="TransactionDetails" time="58.394" errors="0" timestamp="2019-12-10T14:49:56 IST">
  <testcase classname="com.turbopro.banking.TransactionDetails" name="navigateBankingTransactions" time="23.692"/>
  <testcase classname="com.turbopro.banking.TransactionDetails" name="viewTransactionDetails" time="0.149"/>
  <testcase classname="com.turbopro.banking.TransactionDetails" name="filterTransactionDetails" time="3.038"/>
  <testcase classname="com.turbopro.banking.TransactionDetails" name="startTransaction" time="1.757"/>
  <testcase classname="com.turbopro.banking.TransactionDetails" name="writeNewCheck" time="5.581"/>
  <testcase classname="com.turbopro.banking.TransactionDetails" name="voidCheck" time="8.913"/>
  <testcase classname="com.turbopro.banking.TransactionDetails" name="editTransaction" time="7.228"/>
  <testcase classname="com.turbopro.banking.TransactionDetails" name="deleteTransaction" time="5.701"/>
  <testcase classname="com.turbopro.banking.TransactionDetails" name="transactionFilterForReconcile" time="0.0">
    <ignored/>
  </testcase> <!-- transactionFilterForReconcile -->
  <testcase classname="com.turbopro.banking.TransactionDetails" name="transactionFilterForUnreconcile" time="0.0">
    <ignored/>
  </testcase> <!-- transactionFilterForUnreconcile -->
</testsuite> <!-- TransactionDetails -->
