<?xml version="1.0" encoding="UTF-8"?>
<!-- Generated by org.testng.reporters.JUnitXMLReporter -->
<testsuite ignored="1" hostname="sysvinemp029.local" failures="0" tests="6" name="VendorPayBills" time="141.019" errors="0" timestamp="2019-12-17T18:51:20 IST">
  <testcase classname="com.turbopro.vendors.VendorPayBills" name="vendorPayBill" time="20.875"/>
  <testcase classname="com.turbopro.vendors.VendorPayBills" name="vendorGroupAndUngroup" time="5.901"/>
  <testcase classname="com.turbopro.vendors.VendorPayBills" name="viewVenInvByFiltering" time="15.376"/>
  <testcase classname="com.turbopro.vendors.VendorPayBills" name="payVendorBills" time="41.526"/>
  <testcase classname="com.turbopro.vendors.VendorPayBills" name="createVendInvAndPayVendBills" time="35.829"/>
  <testcase classname="com.turbopro.vendors.VendorPayBills" name="accessBankChecksForVenPayBills" time="19.471"/>
  <testcase classname="com.turbopro.vendors.VendorPayBills" name="payVendBillsForReceivedInventoryVeBill" time="0.0">
    <ignored/>
  </testcase> <!-- payVendBillsForReceivedInventoryVeBill -->
</testsuite> <!-- VendorPayBills -->
