<?xml version="1.0" encoding="UTF-8"?>
<!-- Generated by org.testng.reporters.JUnitXMLReporter -->
<testsuite hostname="SYSVINEL007" ignored="0" name="InventoryCategories" tests="7" failures="0" timestamp="18 Dec 2018 07:00:47 GMT" time="60.42" errors="0">
  <testcase name="inventoryCategory" time="29.261" classname="com.turbopro.inventory.InventoryCategories"/>
  <testcase name="addCategory" time="3.586" classname="com.turbopro.inventory.InventoryCategories"/>
  <testcase name="viewCategoryDetails" time="2.438" classname="com.turbopro.inventory.InventoryCategories"/>
  <testcase name="deleteCategory" time="5.33" classname="com.turbopro.inventory.InventoryCategories"/>
  <testcase name="inactivateCategory" time="5.402" classname="com.turbopro.inventory.InventoryCategories"/>
  <testcase name="activateCategory" time="5.352" classname="com.turbopro.inventory.InventoryCategories"/>
  <testcase name="sortHeaders" time="2.375" classname="com.turbopro.inventory.InventoryCategories"/>
</testsuite> <!-- InventoryCategories -->
