<?xml version="1.0" encoding="UTF-8"?>
<!-- Generated by org.testng.reporters.JUnitXMLReporter -->
<testsuite hostname="SYSVINEL007" ignored="0" name="InventoryAdjustments" tests="5" failures="0" timestamp="18 Dec 2018 06:59:46 GMT" time="60.729" errors="0">
  <testcase name="inventoryAdjustments" time="32.688" classname="com.turbopro.inventory.InventoryAdjustments"/>
  <testcase name="sortHeader" time="1.598" classname="com.turbopro.inventory.InventoryAdjustments"/>
  <testcase name="createNewAdjustment" time="4.581" classname="com.turbopro.inventory.InventoryAdjustments"/>
  <testcase name="viewDetails" time="3.434" classname="com.turbopro.inventory.InventoryAdjustments"/>
  <testcase name="updateAdjustment" time="2.709" classname="com.turbopro.inventory.InventoryAdjustments"/>
</testsuite> <!-- InventoryAdjustments -->
