<?xml version="1.0" encoding="UTF-8"?>
<!-- Generated by org.testng.reporters.JUnitXMLReporter -->
<testsuite hostname="SYSVINEL007" ignored="0" name="runEmployees" tests="11" failures="0" timestamp="28 Jan 2019 10:59:38 GMT" time="64.103" errors="0">
  <testcase name="navigateToEmployees" time="31.37" classname="com.turbopro.company.Employees"/>
  <testcase name="viewEmployee" time="4.063" classname="com.turbopro.company.Employees"/>
  <testcase name="addEmployee" time="4.635" classname="com.turbopro.company.Employees"/>
  <testcase name="addContact" time="1.581" classname="com.turbopro.company.Employees"/>
  <testcase name="editContact" time="1.276" classname="com.turbopro.company.Employees"/>
  <testcase name="deleteContact" time="0.515" classname="com.turbopro.company.Employees"/>
  <testcase name="selectCategories" time="0.257" classname="com.turbopro.company.Employees"/>
  <testcase name="provideEmployeeDetails" time="2.967" classname="com.turbopro.company.Employees"/>
  <testcase name="deleteEmployeeDetails" time="1.215" classname="com.turbopro.company.Employees"/>
  <testcase name="viewActiveEmployees" time="0.35" classname="com.turbopro.company.Employees"/>
  <testcase name="viewInactiveEmployees" time="0.418" classname="com.turbopro.company.Employees"/>
</testsuite> <!-- runEmployees -->
