<?xml version="1.0" encoding="UTF-8"?>
<!-- Generated by org.testng.reporters.JUnitXMLReporter -->
<testsuite hostname="SYSVINEL007" ignored="1" name="runUsers" tests="6" failures="0" timestamp="18 Dec 2018 06:32:01 GMT" time="43.022" errors="0">
  <testcase name="navigateToUsers" time="29.989" classname="com.turbopro.company.Users"/>
  <testcase name="viewUserDetails" time="4.455" classname="com.turbopro.company.Users"/>
  <testcase name="editUserDetails" time="0.481" classname="com.turbopro.company.Users"/>
  <testcase name="searchUser" time="1.863" classname="com.turbopro.company.Users"/>
  <testcase name="viewActiveUsers" time="1.061" classname="com.turbopro.company.Users"/>
  <testcase name="viewInactiveUsers" time="0.39" classname="com.turbopro.company.Users"/>
  <testcase name="createNewUser" time="0.0" classname="com.turbopro.company.Users">
    <ignored/>
  </testcase> <!-- createNewUser -->
</testsuite> <!-- runUsers -->
