<?xml version="1.0" encoding="UTF-8"?>
<!-- Generated by org.testng.reporters.JUnitXMLReporter -->
<testsuite hostname="SYSVINEL007" ignored="2" name="runVendors" tests="8" failures="0" timestamp="18 Dec 2018 06:32:55 GMT" time="53.923" errors="0">
  <testcase name="vendors" time="26.61" classname="com.turbopro.company.Vendors"/>
  <testcase name="searchVendor" time="5.576" classname="com.turbopro.company.Vendors"/>
  <testcase name="openExistingVendor" time="4.336" classname="com.turbopro.company.Vendors"/>
  <testcase name="createVendor" time="1.632" classname="com.turbopro.company.Vendors"/>
  <testcase name="addContactsToVendor" time="1.48" classname="com.turbopro.company.Vendors"/>
  <testcase name="addJournalToVendor" time="3.871" classname="com.turbopro.company.Vendors"/>
  <testcase name="addFinancialsToVendor" time="3.128" classname="com.turbopro.company.Vendors"/>
  <testcase name="deleteVendor" time="2.704" classname="com.turbopro.company.Vendors"/>
  <testcase name="updateExpirationDates" time="0.0" classname="com.turbopro.company.Vendors">
    <ignored/>
  </testcase> <!-- updateExpirationDates -->
  <testcase name="removeExpirationDates" time="0.0" classname="com.turbopro.company.Vendors">
    <ignored/>
  </testcase> <!-- removeExpirationDates -->
</testsuite> <!-- runVendors -->
