<?xml version="1.0" encoding="UTF-8"?>
<testsuite name="runQuotedJobs"
           tests="9"
           failures="0"
           errors="0"
           skipped="0"
           time="78.021">
  <properties />
  
  
            <testcase name="quotedJobsPrint" time="28.296" classname="com.turbopro.salesmenu.SalesQuotedJobs" />
                <testcase name="viewColumnsInQuoteJobs" time="3.156" classname="com.turbopro.salesmenu.SalesQuotedJobs" />
                <testcase name="quotedJobsYearToDateFilter" time="1.808" classname="com.turbopro.salesmenu.SalesQuotedJobs" />
                <testcase name="viewQuotedJobs" time="13.156" classname="com.turbopro.salesmenu.SalesQuotedJobs" />
                <testcase name="accessJobsFromQuotedJobs" time="5.748" classname="com.turbopro.salesmenu.SalesQuotedJobs" />
                <testcase name="quotedJobsExport" time="10.830" classname="com.turbopro.salesmenu.SalesQuotedJobs" />
                <testcase name="quotedJobsDateRangeFilter" time="7.176" classname="com.turbopro.salesmenu.SalesQuotedJobs" />
                <testcase name="quotedJobsMonthToDateFilter" time="2.675" classname="com.turbopro.salesmenu.SalesQuotedJobs" />
                <testcase name="sortQuotedJobs" time="5.176" classname="com.turbopro.salesmenu.SalesQuotedJobs" />
      
</testsuite>
