<?xml version="1.0" encoding="UTF-8"?>
<testsuite name="TestRID609"
           tests="17"
           failures="1"
           errors="0"
           skipped="0"
           time="231.376">
  <properties />
            <testcase name="createQuoteTemplate" time="0.596" classname="com.turbopro.requirements.RID609">
                <failure type="org.openqa.selenium.ElementNotVisibleException"
                  message="element not visible
  (Session info: chrome=62.0.3202.94)
  (Driver info: chromedriver=2.33.506120 (e3e53437346286c0bc2d2dc9aa4915ba81d9023f),platform=Windows NT 10.0.14393 x86_64) (WARNING: The server did not provide any stacktrace information)
Command duration or timeout: 25 milliseconds
Build info: version: &apos;2.53.0&apos;, revision: &apos;35ae25b&apos;, time: &apos;2016-03-15 16:57:40&apos;
System info: host: &apos;Sysvinel007&apos;, ip: &apos;172.30.150.11&apos;, os.name: &apos;Windows 8.1&apos;, os.arch: &apos;amd64&apos;, os.version: &apos;6.3&apos;, java.version: &apos;1.8.0_45&apos;
Driver info: org.openqa.selenium.chrome.ChromeDriver
Capabilities [{applicationCacheEnabled=false, rotatable=false, mobileEmulationEnabled=false, networkConnectionEnabled=false, chrome={chromedriverVersion=2.33.506120 (e3e53437346286c0bc2d2dc9aa4915ba81d9023f), userDataDir=C:\Users\SATHIS~1\AppData\Local\Temp\scoped_dir17516_16312}, takesHeapSnapshot=true, pageLoadStrategy=normal, databaseEnabled=false, handlesAlerts=true, hasTouchScreen=false, version=62.0.3202.94, platform=WIN8_1, browserConnectionEnabled=false, nativeEvents=true, acceptSslCerts=true, locationContextEnabled=true, webStorageEnabled=true, browserName=chrome, takesScreenshot=true, javascriptEnabled=true, cssSelectorsEnabled=true, setWindowRect=true, unexpectedAlertBehaviour=}]
Session ID: b10a6cf11870b787aa09ca90ab326c1e"
              >
<![CDATA[org.openqa.selenium.ElementNotVisibleException: element not visible
  (Session info: chrome=62.0.3202.94)
  (Driver info: chromedriver=2.33.506120 (e3e53437346286c0bc2d2dc9aa4915ba81d9023f),platform=Windows NT 10.0.14393 x86_64) (WARNING: The server did not provide any stacktrace information)
Command duration or timeout: 25 milliseconds
Build info: version: '2.53.0', revision: '35ae25b', time: '2016-03-15 16:57:40'
System info: host: 'Sysvinel007', ip: '172.30.150.11', os.name: 'Windows 8.1', os.arch: 'amd64', os.version: '6.3', java.version: '1.8.0_45'
Driver info: org.openqa.selenium.chrome.ChromeDriver
Capabilities [{applicationCacheEnabled=false, rotatable=false, mobileEmulationEnabled=false, networkConnectionEnabled=false, chrome={chromedriverVersion=2.33.506120 (e3e53437346286c0bc2d2dc9aa4915ba81d9023f), userDataDir=C:\Users\SATHIS~1\AppData\Local\Temp\scoped_dir17516_16312}, takesHeapSnapshot=true, pageLoadStrategy=normal, databaseEnabled=false, handlesAlerts=true, hasTouchScreen=false, version=62.0.3202.94, platform=WIN8_1, browserConnectionEnabled=false, nativeEvents=true, acceptSslCerts=true, locationContextEnabled=true, webStorageEnabled=true, browserName=chrome, takesScreenshot=true, javascriptEnabled=true, cssSelectorsEnabled=true, setWindowRect=true, unexpectedAlertBehaviour=}]
Session ID: b10a6cf11870b787aa09ca90ab326c1e
  sun.reflect.NativeConstructorAccessorImpl.newInstance0(Native Method)
  sun.reflect.NativeConstructorAccessorImpl.newInstance(Unknown Source)
  sun.reflect.DelegatingConstructorAccessorImpl.newInstance(Unknown Source)
  java.lang.reflect.Constructor.newInstance(Unknown Source)
  org.openqa.selenium.remote.ErrorHandler.createThrowable(ErrorHandler.java:206)
  org.openqa.selenium.remote.ErrorHandler.throwIfResponseFailed(ErrorHandler.java:158)
  org.openqa.selenium.remote.RemoteWebDriver.execute(RemoteWebDriver.java:678)
  org.openqa.selenium.remote.RemoteWebElement.execute(RemoteWebElement.java:327)
  org.openqa.selenium.remote.RemoteWebElement.click(RemoteWebElement.java:85)
  com.turbopro.requirements.RID609.createQuoteTemplate(RID609.java:518)
  sun.reflect.NativeMethodAccessorImpl.invoke0(Native Method)
  sun.reflect.NativeMethodAccessorImpl.invoke(Unknown Source)
  sun.reflect.DelegatingMethodAccessorImpl.invoke(Unknown Source)
  java.lang.reflect.Method.invoke(Unknown Source)
  org.testng.internal.MethodInvocationHelper.invokeMethod(MethodInvocationHelper.java:85)
  org.testng.internal.Invoker.invokeMethod(Invoker.java:639)
  org.testng.internal.Invoker.invokeTestMethod(Invoker.java:816)
  org.testng.internal.Invoker.invokeTestMethods(Invoker.java:1124)
  org.testng.internal.TestMethodWorker.invokeTestMethods(TestMethodWorker.java:125)
  org.testng.internal.TestMethodWorker.run(TestMethodWorker.java:108)
  org.testng.TestRunner.privateRun(TestRunner.java:774)
  org.testng.TestRunner.run(TestRunner.java:624)
  org.testng.SuiteRunner.runTest(SuiteRunner.java:359)
  org.testng.SuiteRunner.runSequentially(SuiteRunner.java:354)
  org.testng.SuiteRunner.privateRun(SuiteRunner.java:312)
  org.testng.SuiteRunner.run(SuiteRunner.java:261)
  org.testng.SuiteRunnerWorker.runSuite(SuiteRunnerWorker.java:52)
  org.testng.SuiteRunnerWorker.run(SuiteRunnerWorker.java:86)
  org.testng.TestNG.runSuitesSequentially(TestNG.java:1215)
  org.testng.TestNG.runSuitesLocally(TestNG.java:1140)
  org.testng.TestNG.run(TestNG.java:1048)
  org.testng.remote.AbstractRemoteTestNG.run(AbstractRemoteTestNG.java:132)
  org.testng.remote.RemoteTestNG.initAndRun(RemoteTestNG.java:236)
  org.testng.remote.RemoteTestNG.main(RemoteTestNG.java:81)
]]>
      </failure>

          </testcase>
  
  
            <testcase name="createQuoteFromTemplate" time="10.173" classname="com.turbopro.requirements.RID609" />
                <testcase name="copyAndPasteLineItemsInQuotes" time="11.556" classname="com.turbopro.requirements.RID609" />
                <testcase name="viewSavedTemplatePdf" time="14.833" classname="com.turbopro.requirements.RID609" />
                <testcase name="deleteQuote" time="1.908" classname="com.turbopro.requirements.RID609" />
                <testcase name="deleteLineItemsInQuotes" time="5.063" classname="com.turbopro.requirements.RID609" />
                <testcase name="cutAndPasteLineItemsInQuotes" time="13.682" classname="com.turbopro.requirements.RID609" />
                <testcase name="cancelCutActionInQuotes" time="8.123" classname="com.turbopro.requirements.RID609" />
                <testcase name="deleteQuoteTemplate" time="0.863" classname="com.turbopro.requirements.RID609" />
                <testcase name="createJob" time="10.713" classname="com.turbopro.requirements.RID609" />
                <testcase name="cancelCopyActionInQuotes" time="7.634" classname="com.turbopro.requirements.RID609" />
                <testcase name="saveQuoteAsTemplate" time="4.833" classname="com.turbopro.requirements.RID609" />
                <testcase name="login" time="88.753" classname="com.turbopro.requirements.RID609" />
                <testcase name="quotes" time="32.757" classname="com.turbopro.requirements.RID609" />
                <testcase name="createQuoteByMultipleTemplates" time="14.211" classname="com.turbopro.requirements.RID609" />
                <testcase name="openSavedTemplate" time="0.733" classname="com.turbopro.requirements.RID609" />
                <testcase name="updateTemplateDescription" time="4.945" classname="com.turbopro.requirements.RID609" />
      
</testsuite>
