<?xml version="1.0" encoding="UTF-8"?>
<testsuite name="runEmployees"
           tests="11"
           failures="0"
           errors="0"
           skipped="0"
           time="29.699">
  <properties />
  
  
            <testcase name="selectCategories" time="0.321" classname="com.turbopro.company.Employees" />
                <testcase name="viewInactiveEmployees" time="0.104" classname="com.turbopro.company.Employees" />
                <testcase name="navigateToEmployees" time="13.337" classname="com.turbopro.company.Employees" />
                <testcase name="addContact" time="1.562" classname="com.turbopro.company.Employees" />
                <testcase name="deleteEmployeeDetails" time="1.548" classname="com.turbopro.company.Employees" />
                <testcase name="viewActiveEmployees" time="0.186" classname="com.turbopro.company.Employees" />
                <testcase name="addEmployee" time="4.690" classname="com.turbopro.company.Employees" />
                <testcase name="viewEmployee" time="3.821" classname="com.turbopro.company.Employees" />
                <testcase name="provideEmployeeDetails" time="2.556" classname="com.turbopro.company.Employees" />
                <testcase name="editContact" time="1.069" classname="com.turbopro.company.Employees" />
                <testcase name="deleteContact" time="0.505" classname="com.turbopro.company.Employees" />
      
</testsuite>
